<?xml version="1.0" encoding="UTF-8"?>
<!-- Generated by org.testng.reporters.JUnitReportReporter -->
<testsuite ignored="0" hostname="LAPTOP-T0L2B6P2" failures="0" tests="1" name="com.learnautomation.testcases.LoginTestSales" time="7.372" errors="0" timestamp="28 Jan 2021 02:44:04 GMT" skipped="0">
  <testcase classname="com.learnautomation.testcases.LoginTestSales" name="loginApp" time="7.372"/>
</testsuite> <!-- com.learnautomation.testcases.LoginTestSales -->
